<?xml version="1.0" encoding="UTF-8"?>
<!-- Generated by org.testng.reporters.JUnitReportReporter -->
<testsuite hostname="Dayforceqk9yPxF" failures="0" tests="4" name="testCases.testCaseOpenMR" time="17.981" errors="0" timestamp="2025-04-02T15:44:48 IST" skipped="0">
  <testcase classname="testCases.testCaseOpenMR" name="provideInvalidCredentials" time="0.850"/>
  <system-out/>
  <testcase classname="testCases.testCaseOpenMR" name="provideBlankCredentials" time="1.718"/>
  <system-out/>
  <testcase classname="testCases.testCaseOpenMR" name="provideValidCredentials" time="1.784"/>
  <system-out/>
  <testcase classname="testCases.testCaseOpenMR" name="enterPatDetails" time="13.629"/>
  <system-out/>
</testsuite> <!-- testCases.testCaseOpenMR -->
