<?xml version="1.0" encoding="UTF-8"?>
<!-- Generated by org.testng.reporters.JUnitReportReporter -->
<testsuite hostname="Dayforceqk9yPxF" failures="0" tests="2" name="testCases.testCaseUpdPat" time="24.544" errors="0" timestamp="2025-04-02T15:45:28 IST" skipped="0">
  <testcase classname="testCases.testCaseUpdPat" name="provideValidCredentials" time="6.287"/>
  <system-out/>
  <testcase classname="testCases.testCaseUpdPat" name="updateDet" time="18.257"/>
  <system-out/>
</testsuite> <!-- testCases.testCaseUpdPat -->
